<?xml version="1.0" encoding="UTF-8"?>
<!-- Generated by org.testng.reporters.JUnitXMLReporter -->
<testsuite hostname="DESKTOP-C1KB7NO" ignored="0" name="Test" tests="1" failures="1" timestamp="02 May 2019 03:44:39 GMT" time="0.07" errors="0">
  <testcase name="HomePageTestFlow" time="0.024" classname="com.insurance.qa.testcases.HomePageTest">
    <failure type="java.lang.NullPointerException">
      <![CDATA[java.lang.NullPointerException
at org.openqa.selenium.support.pagefactory.DefaultElementLocator.findElement(DefaultElementLocator.java:69)
at org.openqa.selenium.support.pagefactory.internal.LocatingElementHandler.invoke(LocatingElementHandler.java:38)
at com.sun.proxy.$Proxy8.getTagName(Unknown Source)
at org.openqa.selenium.support.ui.Select.<init>(Select.java:45)
at com.insurance.qa.webpages.HomePage.SelectQuote(HomePage.java:87)
at com.insurance.qa.testcases.HomePageTest.HomePageTestFlow(HomePageTest.java:19)
... Removed 25 stack frames]]>
    </failure>
  </testcase> <!-- HomePageTestFlow -->
</testsuite> <!-- Test -->
