<?xml version="1.0" encoding="UTF-8"?>
<!-- Generated by org.testng.reporters.JUnitXMLReporter -->
<testsuite hostname="DESKTOP-C1KB7NO" ignored="0" name="Default test" tests="4" failures="0" timestamp="03 Apr 2019 06:14:15 GMT" time="8.567" errors="0">
  <testcase name="loginPageTitle" time="0.113" classname="com.insurance.qa.testcases.LoginPageTest"/>
  <testcase name="validatelogo" time="0.17" classname="com.insurance.qa.testcases.LoginPageTest"/>
  <testcase name="logoTextTest" time="0.147" classname="com.insurance.qa.testcases.LoginPageTest"/>
  <testcase name="LoginTest" time="0.896" classname="com.insurance.qa.testcases.LoginPageTest"/>
</testsuite> <!-- Default test -->
