<?xml version="1.0" encoding="UTF-8"?>
<testng-results skipped="0" failed="0" ignored="0" total="4" passed="4">
  <reporter-output>
  </reporter-output>
  <suite name="Default suite" duration-ms="8567" started-at="2019-04-03T06:14:07Z" finished-at="2019-04-03T06:14:15Z">
    <groups>
    </groups>
    <test name="Default test" duration-ms="8567" started-at="2019-04-03T06:14:07Z" finished-at="2019-04-03T06:14:15Z">
      <class name="com.insurance.qa.testcases.LoginPageTest">
        <test-method status="PASS" signature="setUp()[pri:0, instance:com.insurance.qa.testcases.LoginPageTest@1794d431]" name="setUp" is-config="true" duration-ms="5131" started-at="2019-04-03T06:14:07Z" finished-at="2019-04-03T06:14:12Z">
          <reporter-output>
          </reporter-output>
        </test-method> <!-- setUp -->
        <test-method status="PASS" signature="loginPageTitle()[pri:1, instance:com.insurance.qa.testcases.LoginPageTest@1794d431]" name="loginPageTitle" duration-ms="113" started-at="2019-04-03T06:14:12Z" finished-at="2019-04-03T06:14:12Z">
          <reporter-output>
          </reporter-output>
        </test-method> <!-- loginPageTitle -->
        <test-method status="PASS" signature="validatelogo()[pri:2, instance:com.insurance.qa.testcases.LoginPageTest@1794d431]" name="validatelogo" duration-ms="170" started-at="2019-04-03T06:14:12Z" finished-at="2019-04-03T06:14:12Z">
          <reporter-output>
          </reporter-output>
        </test-method> <!-- validatelogo -->
        <test-method status="PASS" signature="logoTextTest()[pri:3, instance:com.insurance.qa.testcases.LoginPageTest@1794d431]" name="logoTextTest" duration-ms="147" started-at="2019-04-03T06:14:12Z" finished-at="2019-04-03T06:14:12Z">
          <reporter-output>
          </reporter-output>
        </test-method> <!-- logoTextTest -->
        <test-method status="PASS" signature="LoginTest()[pri:4, instance:com.insurance.qa.testcases.LoginPageTest@1794d431]" name="LoginTest" duration-ms="896" started-at="2019-04-03T06:14:12Z" finished-at="2019-04-03T06:14:13Z">
          <reporter-output>
          </reporter-output>
        </test-method> <!-- LoginTest -->
        <test-method status="PASS" signature="tearDown()[pri:0, instance:com.insurance.qa.testcases.LoginPageTest@1794d431]" name="tearDown" is-config="true" duration-ms="2082" started-at="2019-04-03T06:14:13Z" finished-at="2019-04-03T06:14:15Z">
          <reporter-output>
          </reporter-output>
        </test-method> <!-- tearDown -->
      </class> <!-- com.insurance.qa.testcases.LoginPageTest -->
    </test> <!-- Default test -->
  </suite> <!-- Default suite -->
</testng-results>
